<?xml version="1.0" encoding="UTF-8"?>
<testng-results skipped="0" failed="0" total="1" passed="1">
  <reporter-output>
  </reporter-output>
  <suite name="Suite" duration-ms="103223" started-at="2020-02-01T18:15:02Z" finished-at="2020-02-01T18:16:45Z">
    <groups>
    </groups>
    <test name="Test" duration-ms="103223" started-at="2020-02-01T18:15:02Z" finished-at="2020-02-01T18:16:45Z">
      <class name="com.ta.scripts.WriteReviewTest">
        <test-method status="PASS" signature="openBrowser()[pri:0, instance:com.ta.scripts.WriteReviewTest@35f983a6]" name="openBrowser" is-config="true" duration-ms="33818" started-at="2020-02-01T23:45:02Z" finished-at="2020-02-01T23:45:36Z">
          <reporter-output>
          </reporter-output>
        </test-method> <!-- openBrowser -->
        <test-method status="PASS" signature="writeReview()[pri:0, instance:com.ta.scripts.WriteReviewTest@35f983a6]" name="writeReview" duration-ms="68551" started-at="2020-02-01T23:45:36Z" finished-at="2020-02-01T23:46:45Z">
          <reporter-output>
          </reporter-output>
        </test-method> <!-- writeReview -->
        <test-method status="PASS" signature="closeApplication()[pri:0, instance:com.ta.scripts.WriteReviewTest@35f983a6]" name="closeApplication" is-config="true" duration-ms="845" started-at="2020-02-01T23:46:45Z" finished-at="2020-02-01T23:46:45Z">
          <reporter-output>
          </reporter-output>
        </test-method> <!-- closeApplication -->
      </class> <!-- com.ta.scripts.WriteReviewTest -->
    </test> <!-- Test -->
  </suite> <!-- Suite -->
</testng-results>
